[2026-01-15 06:01:30] local.ERROR: Undefined array key 1 {"exception":"[object] (ErrorException(code: 0): Undefined array key 1 at C:/Users/SEB/Desktop/Cocars/cocar-backend/vendor/laravel/framework/src/Illuminate/Foundation/Console/ServeCommand.php:394)
[stacktrace]
#0 C:/Users/SEB/Desktop/Cocars/cocar-backend/vendor/laravel/framework/src/Illuminate/Foundation/Bootstrap/HandleExceptions.php(258): Illuminate/Foundation/Bootstrap/HandleExceptions->handleError()
#1 C:/Users/SEB/Desktop/Cocars/cocar-backend/vendor/laravel/framework/src/Illuminate/Foundation/Console/ServeCommand.php(394): Illuminate/Foundation/Bootstrap/HandleExceptions->Illuminate/Foundation/Bootstrap/{closure}()
#2 C:/Users/SEB/Desktop/Cocars/cocar-backend/vendor/laravel/framework/src/Illuminate/Foundation/Console/ServeCommand.php(323): Illuminate/Foundation/Console/ServeCommand->getDateFromLine()
#3 C:/Users/SEB/Desktop/Cocars/cocar-backend/vendor/laravel/framework/src/Illuminate/Collections/Traits/EnumeratesValues.php(261): Illuminate/Foundation/Console/ServeCommand->Illuminate/Foundation/Console/{closure}()
#4 C:/Users/SEB/Desktop/Cocars/cocar-backend/vendor/laravel/framework/src/Illuminate/Foundation/Console/ServeCommand.php(305): Illuminate/Support/Collection->each()
#5 C:/Users/SEB/Desktop/Cocars/cocar-backend/vendor/laravel/framework/src/Illuminate/Foundation/Console/ServeCommand.php(287): Illuminate/Foundation/Console/ServeCommand->flushOutputBuffer()
#6 C:/Users/SEB/Desktop/Cocars/cocar-backend/vendor/symfony/process/Process.php(1320): Illuminate/Foundation/Console/ServeCommand->Illuminate/Foundation/Console/{closure}()
#7 C:/Users/SEB/Desktop/Cocars/cocar-backend/vendor/symfony/process/Process.php(1420): Symfony/Component/Process/Process->Symfony/Component/Process/{closure}()
#8 C:/Users/SEB/Desktop/Cocars/cocar-backend/vendor/symfony/process/Process.php(1340): Symfony/Component/Process/Process->readPipes()
#9 C:/Users/SEB/Desktop/Cocars/cocar-backend/vendor/symfony/process/Process.php(875): Symfony/Component/Process/Process->updateStatus()
#10 C:/Users/SEB/Desktop/Cocars/cocar-backend/vendor/laravel/framework/src/Illuminate/Foundation/Console/ServeCommand.php(131): Symfony/Component/Process/Process->isRunning()
#11 C:/Users/SEB/Desktop/Cocars/cocar-backend/vendor/laravel/framework/src/Illuminate/Container/BoundMethod.php(36): Illuminate/Foundation/Console/ServeCommand->handle()
#12 C:/Users/SEB/Desktop/Cocars/cocar-backend/vendor/laravel/framework/src/Illuminate/Container/Util.php(43): Illuminate/Container/BoundMethod::Illuminate/Container/{closure}()
#13 C:/Users/SEB/Desktop/Cocars/cocar-backend/vendor/laravel/framework/src/Illuminate/Container/BoundMethod.php(95): Illuminate/Container/Util::unwrapIfClosure()
#14 C:/Users/SEB/Desktop/Cocars/cocar-backend/vendor/laravel/framework/src/Illuminate/Container/BoundMethod.php(35): Illuminate/Container/BoundMethod::callBoundMethod()
#15 C:/Users/SEB/Desktop/Cocars/cocar-backend/vendor/laravel/framework/src/Illuminate/Container/Container.php(696): Illuminate/Container/BoundMethod::call()
#16 C:/Users/SEB/Desktop/Cocars/cocar-backend/vendor/laravel/framework/src/Illuminate/Console/Command.php(213): Illuminate/Container/Container->call()
#17 C:/Users/SEB/Desktop/Cocars/cocar-backend/vendor/symfony/console/Command/Command.php(341): Illuminate/Console/Command->execute()
#18 C:/Users/SEB/Desktop/Cocars/cocar-backend/vendor/laravel/framework/src/Illuminate/Console/Command.php(182): Symfony/Component/Console/Command/Command->run()
#19 C:/Users/SEB/Desktop/Cocars/cocar-backend/vendor/symfony/console/Application.php(1102): Illuminate/Console/Command->run()
#20 C:/Users/SEB/Desktop/Cocars/cocar-backend/vendor/symfony/console/Application.php(356): Symfony/Component/Console/Application->doRunCommand()
#21 C:/Users/SEB/Desktop/Cocars/cocar-backend/vendor/symfony/console/Application.php(195): Symfony/Component/Console/Application->doRun()
#22 C:/Users/SEB/Desktop/Cocars/cocar-backend/vendor/laravel/framework/src/Illuminate/Foundation/Console/Kernel.php(198): Symfony/Component/Console/Application->run()
#23 C:/Users/SEB/Desktop/Cocars/cocar-backend/artisan(12): Illuminate/Foundation/Console/Kernel->handle()
#24 {main}
"} 
[2026-01-15 08:51:45] local.ERROR: Failed to extract the request port. Ensure the log line contains a valid port: 6 Accepted {"exception":"[object] (InvalidArgumentException(code: 0): Failed to extract the request port. Ensure the log line contains a valid port: 6 Accepted at C:/Users/SEB/Desktop/Cocars/cocar-backend/vendor/laravel/framework/src/Illuminate/Foundation/Console/ServeCommand.php:408)
[stacktrace]
#0 C:/Users/SEB/Desktop/Cocars/cocar-backend/vendor/laravel/framework/src/Illuminate/Foundation/Console/ServeCommand.php(320): Illuminate/Foundation/Console/ServeCommand::getRequestPortFromLine()
#1 C:/Users/SEB/Desktop/Cocars/cocar-backend/vendor/laravel/framework/src/Illuminate/Collections/Traits/EnumeratesValues.php(261): Illuminate/Foundation/Console/ServeCommand->Illuminate/Foundation/Console/{closure}()
#2 C:/Users/SEB/Desktop/Cocars/cocar-backend/vendor/laravel/framework/src/Illuminate/Foundation/Console/ServeCommand.php(305): Illuminate/Support/Collection->each()
#3 C:/Users/SEB/Desktop/Cocars/cocar-backend/vendor/laravel/framework/src/Illuminate/Foundation/Console/ServeCommand.php(287): Illuminate/Foundation/Console/ServeCommand->flushOutputBuffer()
#4 C:/Users/SEB/Desktop/Cocars/cocar-backend/vendor/symfony/process/Process.php(1320): Illuminate/Foundation/Console/ServeCommand->Illuminate/Foundation/Console/{closure}()
#5 C:/Users/SEB/Desktop/Cocars/cocar-backend/vendor/symfony/process/Process.php(1420): Symfony/Component/Process/Process->Symfony/Component/Process/{closure}()
#6 C:/Users/SEB/Desktop/Cocars/cocar-backend/vendor/symfony/process/Process.php(1340): Symfony/Component/Process/Process->readPipes()
#7 C:/Users/SEB/Desktop/Cocars/cocar-backend/vendor/symfony/process/Process.php(875): Symfony/Component/Process/Process->updateStatus()
#8 C:/Users/SEB/Desktop/Cocars/cocar-backend/vendor/laravel/framework/src/Illuminate/Foundation/Console/ServeCommand.php(131): Symfony/Component/Process/Process->isRunning()
#9 C:/Users/SEB/Desktop/Cocars/cocar-backend/vendor/laravel/framework/src/Illuminate/Container/BoundMethod.php(36): Illuminate/Foundation/Console/ServeCommand->handle()
#10 C:/Users/SEB/Desktop/Cocars/cocar-backend/vendor/laravel/framework/src/Illuminate/Container/Util.php(43): Illuminate/Container/BoundMethod::Illuminate/Container/{closure}()
#11 C:/Users/SEB/Desktop/Cocars/cocar-backend/vendor/laravel/framework/src/Illuminate/Container/BoundMethod.php(95): Illuminate/Container/Util::unwrapIfClosure()
#12 C:/Users/SEB/Desktop/Cocars/cocar-backend/vendor/laravel/framework/src/Illuminate/Container/BoundMethod.php(35): Illuminate/Container/BoundMethod::callBoundMethod()
#13 C:/Users/SEB/Desktop/Cocars/cocar-backend/vendor/laravel/framework/src/Illuminate/Container/Container.php(696): Illuminate/Container/BoundMethod::call()
#14 C:/Users/SEB/Desktop/Cocars/cocar-backend/vendor/laravel/framework/src/Illuminate/Console/Command.php(213): Illuminate/Container/Container->call()
#15 C:/Users/SEB/Desktop/Cocars/cocar-backend/vendor/symfony/console/Command/Command.php(341): Illuminate/Console/Command->execute()
#16 C:/Users/SEB/Desktop/Cocars/cocar-backend/vendor/laravel/framework/src/Illuminate/Console/Command.php(182): Symfony/Component/Console/Command/Command->run()
#17 C:/Users/SEB/Desktop/Cocars/cocar-backend/vendor/symfony/console/Application.php(1102): Illuminate/Console/Command->run()
#18 C:/Users/SEB/Desktop/Cocars/cocar-backend/vendor/symfony/console/Application.php(356): Symfony/Component/Console/Application->doRunCommand()
#19 C:/Users/SEB/Desktop/Cocars/cocar-backend/vendor/symfony/console/Application.php(195): Symfony/Component/Console/Application->doRun()
#20 C:/Users/SEB/Desktop/Cocars/cocar-backend/vendor/laravel/framework/src/Illuminate/Foundation/Console/Kernel.php(198): Symfony/Component/Console/Application->run()
#21 C:/Users/SEB/Desktop/Cocars/cocar-backend/artisan(12): Illuminate/Foundation/Console/Kernel->handle()
#22 {main}
"} 
[2026-01-15 09:58:54] local.ERROR: Class "Log" not found {"userId":2,"exception":"[object] (Error(code: 0): Class \"Log\" not found at C:/Users/SEB/Desktop/Cocars/cocar-backend/app/Http/Controllers/Api/TripController.php:158)
[stacktrace]
#0 C:/Users/SEB/Desktop/Cocars/cocar-backend/vendor/laravel/framework/src/Illuminate/Routing/Controller.php(54): App/Http/Controllers/Api/TripController->store()
#1 C:/Users/SEB/Desktop/Cocars/cocar-backend/vendor/laravel/framework/src/Illuminate/Routing/ControllerDispatcher.php(44): Illuminate/Routing/Controller->callAction()
#2 C:/Users/SEB/Desktop/Cocars/cocar-backend/vendor/laravel/framework/src/Illuminate/Routing/Route.php(266): Illuminate/Routing/ControllerDispatcher->dispatch()
#3 C:/Users/SEB/Desktop/Cocars/cocar-backend/vendor/laravel/framework/src/Illuminate/Routing/Route.php(212): Illuminate/Routing/Route->runController()
#4 C:/Users/SEB/Desktop/Cocars/cocar-backend/vendor/laravel/framework/src/Illuminate/Routing/Router.php(808): Illuminate/Routing/Route->run()
#5 C:/Users/SEB/Desktop/Cocars/cocar-backend/vendor/laravel/framework/src/Illuminate/Pipeline/Pipeline.php(170): Illuminate/Routing/Router->Illuminate/Routing/{closure}()
#6 C:/Users/SEB/Desktop/Cocars/cocar-backend/vendor/laravel/framework/src/Illuminate/Routing/Middleware/SubstituteBindings.php(51): Illuminate/Pipeline/Pipeline->Illuminate/Pipeline/{closure}()
#7 C:/Users/SEB/Desktop/Cocars/cocar-backend/vendor/laravel/framework/src/Illuminate/Pipeline/Pipeline.php(209): Illuminate/Routing/Middleware/SubstituteBindings->handle()
#8 C:/Users/SEB/Desktop/Cocars/cocar-backend/vendor/laravel/framework/src/Illuminate/Auth/Middleware/Authenticate.php(64): Illuminate/Pipeline/Pipeline->Illuminate/Pipeline/{closure}()
#9 C:/Users/SEB/Desktop/Cocars/cocar-backend/vendor/laravel/framework/src/Illuminate/Pipeline/Pipeline.php(209): Illuminate/Auth/Middleware/Authenticate->handle()
#10 C:/Users/SEB/Desktop/Cocars/cocar-backend/vendor/laravel/sanctum/src/Http/Middleware/EnsureFrontendRequestsAreStateful.php(26): Illuminate/Pipeline/Pipeline->Illuminate/Pipeline/{closure}()
#11 C:/Users/SEB/Desktop/Cocars/cocar-backend/vendor/laravel/framework/src/Illuminate/Pipeline/Pipeline.php(170): Laravel/Sanctum/Http/Middleware/EnsureFrontendRequestsAreStateful->Laravel/Sanctum/Http/Middleware/{closure}()
#12 C:/Users/SEB/Desktop/Cocars/cocar-backend/vendor/laravel/sanctum/src/Http/Middleware/AuthenticateSession.php(43): Illuminate/Pipeline/Pipeline->Illuminate/Pipeline/{closure}()
#13 C:/Users/SEB/Desktop/Cocars/cocar-backend/vendor/laravel/framework/src/Illuminate/Pipeline/Pipeline.php(209): Laravel/Sanctum/Http/Middleware/AuthenticateSession->handle()
#14 C:/Users/SEB/Desktop/Cocars/cocar-backend/vendor/laravel/framework/src/Illuminate/Foundation/Http/Middleware/VerifyCsrfToken.php(88): Illuminate/Pipeline/Pipeline->Illuminate/Pipeline/{closure}()
#15 C:/Users/SEB/Desktop/Cocars/cocar-backend/vendor/laravel/framework/src/Illuminate/Pipeline/Pipeline.php(209): Illuminate/Foundation/Http/Middleware/VerifyCsrfToken->handle()
#16 C:/Users/SEB/Desktop/Cocars/cocar-backend/vendor/laravel/framework/src/Illuminate/Session/Middleware/StartSession.php(121): Illuminate/Pipeline/Pipeline->Illuminate/Pipeline/{closure}()
#17 C:/Users/SEB/Desktop/Cocars/cocar-backend/vendor/laravel/framework/src/Illuminate/Session/Middleware/StartSession.php(64): Illuminate/Session/Middleware/StartSession->handleStatefulRequest()
#18 C:/Users/SEB/Desktop/Cocars/cocar-backend/vendor/laravel/framework/src/Illuminate/Pipeline/Pipeline.php(209): Illuminate/Session/Middleware/StartSession->handle()
#19 C:/Users/SEB/Desktop/Cocars/cocar-backend/vendor/laravel/framework/src/Illuminate/Cookie/Middleware/AddQueuedCookiesToResponse.php(37): Illuminate/Pipeline/Pipeline->Illuminate/Pipeline/{closure}()
#20 C:/Users/SEB/Desktop/Cocars/cocar-backend/vendor/laravel/framework/src/Illuminate/Pipeline/Pipeline.php(209): Illuminate/Cookie/Middleware/AddQueuedCookiesToResponse->handle()
#21 C:/Users/SEB/Desktop/Cocars/cocar-backend/vendor/laravel/framework/src/Illuminate/Cookie/Middleware/EncryptCookies.php(75): Illuminate/Pipeline/Pipeline->Illuminate/Pipeline/{closure}()
#22 C:/Users/SEB/Desktop/Cocars/cocar-backend/vendor/laravel/framework/src/Illuminate/Pipeline/Pipeline.php(209): Illuminate/Cookie/Middleware/EncryptCookies->handle()
#23 C:/Users/SEB/Desktop/Cocars/cocar-backend/vendor/laravel/sanctum/src/Http/Middleware/EnsureFrontendRequestsAreStateful.php(61): Illuminate/Pipeline/Pipeline->Illuminate/Pipeline/{closure}()
#24 C:/Users/SEB/Desktop/Cocars/cocar-backend/vendor/laravel/framework/src/Illuminate/Pipeline/Pipeline.php(191): Laravel/Sanctum/Http/Middleware/EnsureFrontendRequestsAreStateful->Laravel/Sanctum/Http/Middleware/{closure}()
#25 C:/Users/SEB/Desktop/Cocars/cocar-backend/vendor/laravel/framework/src/Illuminate/Pipeline/Pipeline.php(127): Illuminate/Pipeline/Pipeline->Illuminate/Pipeline/{closure}()
#26 C:/Users/SEB/Desktop/Cocars/cocar-backend/vendor/laravel/sanctum/src/Http/Middleware/EnsureFrontendRequestsAreStateful.php(25): Illuminate/Pipeline/Pipeline->then()
#27 C:/Users/SEB/Desktop/Cocars/cocar-backend/vendor/laravel/framework/src/Illuminate/Pipeline/Pipeline.php(209): Laravel/Sanctum/Http/Middleware/EnsureFrontendRequestsAreStateful->handle()
#28 C:/Users/SEB/Desktop/Cocars/cocar-backend/vendor/laravel/framework/src/Illuminate/Pipeline/Pipeline.php(127): Illuminate/Pipeline/Pipeline->Illuminate/Pipeline/{closure}()
#29 C:/Users/SEB/Desktop/Cocars/cocar-backend/vendor/laravel/framework/src/Illuminate/Routing/Router.php(807): Illuminate/Pipeline/Pipeline->then()
#30 C:/Users/SEB/Desktop/Cocars/cocar-backend/vendor/laravel/framework/src/Illuminate/Routing/Router.php(786): Illuminate/Routing/Router->runRouteWithinStack()
#31 C:/Users/SEB/Desktop/Cocars/cocar-backend/vendor/laravel/framework/src/Illuminate/Routing/Router.php(750): Illuminate/Routing/Router->runRoute()
#32 C:/Users/SEB/Desktop/Cocars/cocar-backend/vendor/laravel/framework/src/Illuminate/Routing/Router.php(739): Illuminate/Routing/Router->dispatchToRoute()
#33 C:/Users/SEB/Desktop/Cocars/cocar-backend/vendor/laravel/framework/src/Illuminate/Foundation/Http/Kernel.php(201): Illuminate/Routing/Router->dispatch()
#34 C:/Users/SEB/Desktop/Cocars/cocar-backend/vendor/laravel/framework/src/Illuminate/Pipeline/Pipeline.php(170): Illuminate/Foundation/Http/Kernel->Illuminate/Foundation/Http/{closure}()
#35 C:/Users/SEB/Desktop/Cocars/cocar-backend/vendor/laravel/framework/src/Illuminate/Foundation/Http/Middleware/TransformsRequest.php(21): Illuminate/Pipeline/Pipeline->Illuminate/Pipeline/{closure}()
#36 C:/Users/SEB/Desktop/Cocars/cocar-backend/vendor/laravel/framework/src/Illuminate/Foundation/Http/Middleware/ConvertEmptyStringsToNull.php(31): Illuminate/Foundation/Http/Middleware/TransformsRequest->handle()
#37 C:/Users/SEB/Desktop/Cocars/cocar-backend/vendor/laravel/framework/src/Illuminate/Pipeline/Pipeline.php(209): Illuminate/Foundation/Http/Middleware/ConvertEmptyStringsToNull->handle()
#38 C:/Users/SEB/Desktop/Cocars/cocar-backend/vendor/laravel/framework/src/Illuminate/Foundation/Http/Middleware/TransformsRequest.php(21): Illuminate/Pipeline/Pipeline->Illuminate/Pipeline/{closure}()
#39 C:/Users/SEB/Desktop/Cocars/cocar-backend/vendor/laravel/framework/src/Illuminate/Foundation/Http/Middleware/TrimStrings.php(51): Illuminate/Foundation/Http/Middleware/TransformsRequest->handle()
#40 C:/Users/SEB/Desktop/Cocars/cocar-backend/vendor/laravel/framework/src/Illuminate/Pipeline/Pipeline.php(209): Illuminate/Foundation/Http/Middleware/TrimStrings->handle()
#41 C:/Users/SEB/Desktop/Cocars/cocar-backend/vendor/laravel/framework/src/Illuminate/Http/Middleware/ValidatePostSize.php(27): Illuminate/Pipeline/Pipeline->Illuminate/Pipeline/{closure}()
#42 C:/Users/SEB/Desktop/Cocars/cocar-backend/vendor/laravel/framework/src/Illuminate/Pipeline/Pipeline.php(209): Illuminate/Http/Middleware/ValidatePostSize->handle()
#43 C:/Users/SEB/Desktop/Cocars/cocar-backend/vendor/laravel/framework/src/Illuminate/Foundation/Http/Middleware/PreventRequestsDuringMaintenance.php(110): Illuminate/Pipeline/Pipeline->Illuminate/Pipeline/{closure}()
#44 C:/Users/SEB/Desktop/Cocars/cocar-backend/vendor/laravel/framework/src/Illuminate/Pipeline/Pipeline.php(209): Illuminate/Foundation/Http/Middleware/PreventRequestsDuringMaintenance->handle()
#45 C:/Users/SEB/Desktop/Cocars/cocar-backend/vendor/laravel/framework/src/Illuminate/Http/Middleware/HandleCors.php(62): Illuminate/Pipeline/Pipeline->Illuminate/Pipeline/{closure}()
#46 C:/Users/SEB/Desktop/Cocars/cocar-backend/vendor/laravel/framework/src/Illuminate/Pipeline/Pipeline.php(209): Illuminate/Http/Middleware/HandleCors->handle()
#47 C:/Users/SEB/Desktop/Cocars/cocar-backend/vendor/laravel/framework/src/Illuminate/Http/Middleware/TrustProxies.php(58): Illuminate/Pipeline/Pipeline->Illuminate/Pipeline/{closure}()
#48 C:/Users/SEB/Desktop/Cocars/cocar-backend/vendor/laravel/framework/src/Illuminate/Pipeline/Pipeline.php(209): Illuminate/Http/Middleware/TrustProxies->handle()
#49 C:/Users/SEB/Desktop/Cocars/cocar-backend/vendor/laravel/framework/src/Illuminate/Foundation/Http/Middleware/InvokeDeferredCallbacks.php(22): Illuminate/Pipeline/Pipeline->Illuminate/Pipeline/{closure}()
#50 C:/Users/SEB/Desktop/Cocars/cocar-backend/vendor/laravel/framework/src/Illuminate/Pipeline/Pipeline.php(209): Illuminate/Foundation/Http/Middleware/InvokeDeferredCallbacks->handle()
#51 C:/Users/SEB/Desktop/Cocars/cocar-backend/vendor/laravel/framework/src/Illuminate/Pipeline/Pipeline.php(127): Illuminate/Pipeline/Pipeline->Illuminate/Pipeline/{closure}()
#52 C:/Users/SEB/Desktop/Cocars/cocar-backend/vendor/laravel/framework/src/Illuminate/Foundation/Http/Kernel.php(176): Illuminate/Pipeline/Pipeline->then()
#53 C:/Users/SEB/Desktop/Cocars/cocar-backend/vendor/laravel/framework/src/Illuminate/Foundation/Http/Kernel.php(145): Illuminate/Foundation/Http/Kernel->sendRequestThroughRouter()
#54 C:/Users/SEB/Desktop/Cocars/cocar-backend/vendor/laravel/framework/src/Illuminate/Foundation/Application.php(1220): Illuminate/Foundation/Http/Kernel->handle()
#55 C:/Users/SEB/Desktop/Cocars/cocar-backend/public/index.php(17): Illuminate/Foundation/Application->handleRequest()
#56 C:/Users/SEB/Desktop/Cocars/cocar-backend/vendor/laravel/framework/src/Illuminate/Foundation/resources/server.php(23): require_once('...')
#57 {main}
"} 
[2026-01-15 10:14:54] local.ERROR: Erreur création trajet: preg_match(): No ending delimiter '/' found {"trace":"#0 C:\\Users\\SEB\\Desktop\\Cocars\\cocar-backend\\vendor\\laravel\\framework\\src\\Illuminate\\Foundation\\Bootstrap\\HandleExceptions.php(258): Illuminate\\Foundation\\Bootstrap\\HandleExceptions->handleError()
#1 [internal function]: Illuminate\\Foundation\\Bootstrap\\HandleExceptions->Illuminate\\Foundation\\Bootstrap\\{closure}()
#2 C:\\Users\\SEB\\Desktop\\Cocars\\cocar-backend\\vendor\\laravel\\framework\\src\\Illuminate\\Validation\\Concerns\\ValidatesAttributes.php(1997): preg_match()
#3 C:\\Users\\SEB\\Desktop\\Cocars\\cocar-backend\\vendor\\laravel\\framework\\src\\Illuminate\\Validation\\Validator.php(686): Illuminate\\Validation\\Validator->validateRegex()
#4 C:\\Users\\SEB\\Desktop\\Cocars\\cocar-backend\\vendor\\laravel\\framework\\src\\Illuminate\\Validation\\Validator.php(481): Illuminate\\Validation\\Validator->validateAttribute()
#5 C:\\Users\\SEB\\Desktop\\Cocars\\cocar-backend\\vendor\\laravel\\framework\\src\\Illuminate\\Validation\\Validator.php(516): Illuminate\\Validation\\Validator->passes()
#6 C:\\Users\\SEB\\Desktop\\Cocars\\cocar-backend\\vendor\\laravel\\framework\\src\\Illuminate\\Validation\\Validator.php(558): Illuminate\\Validation\\Validator->fails()
#7 C:\\Users\\SEB\\Desktop\\Cocars\\cocar-backend\\vendor\\laravel\\framework\\src\\Illuminate\\Foundation\\Providers\\FoundationServiceProvider.php(155): Illuminate\\Validation\\Validator->validate()
#8 C:\\Users\\SEB\\Desktop\\Cocars\\cocar-backend\\vendor\\laravel\\framework\\src\\Illuminate\\Macroable\\Traits\\Macroable.php(126): Illuminate\\Http\\Request->Illuminate\\Foundation\\Providers\\{closure}()
#9 C:\\Users\\SEB\\Desktop\\Cocars\\cocar-backend\\app\\Http\\Controllers\\Api\\TripController.php(107): Illuminate\\Http\\Request->__call()
#10 C:\\Users\\SEB\\Desktop\\Cocars\\cocar-backend\\vendor\\laravel\\framework\\src\\Illuminate\\Routing\\Controller.php(54): App\\Http\\Controllers\\Api\\TripController->store()
#11 C:\\Users\\SEB\\Desktop\\Cocars\\cocar-backend\\vendor\\laravel\\framework\\src\\Illuminate\\Routing\\ControllerDispatcher.php(44): Illuminate\\Routing\\Controller->callAction()
#12 C:\\Users\\SEB\\Desktop\\Cocars\\cocar-backend\\vendor\\laravel\\framework\\src\\Illuminate\\Routing\\Route.php(266): Illuminate\\Routing\\ControllerDispatcher->dispatch()
#13 C:\\Users\\SEB\\Desktop\\Cocars\\cocar-backend\\vendor\\laravel\\framework\\src\\Illuminate\\Routing\\Route.php(212): Illuminate\\Routing\\Route->runController()
#14 C:\\Users\\SEB\\Desktop\\Cocars\\cocar-backend\\vendor\\laravel\\framework\\src\\Illuminate\\Routing\\Router.php(808): Illuminate\\Routing\\Route->run()
#15 C:\\Users\\SEB\\Desktop\\Cocars\\cocar-backend\\vendor\\laravel\\framework\\src\\Illuminate\\Pipeline\\Pipeline.php(170): Illuminate\\Routing\\Router->Illuminate\\Routing\\{closure}()
#16 C:\\Users\\SEB\\Desktop\\Cocars\\cocar-backend\\vendor\\laravel\\framework\\src\\Illuminate\\Routing\\Middleware\\SubstituteBindings.php(51): Illuminate\\Pipeline\\Pipeline->Illuminate\\Pipeline\\{closure}()
#17 C:\\Users\\SEB\\Desktop\\Cocars\\cocar-backend\\vendor\\laravel\\framework\\src\\Illuminate\\Pipeline\\Pipeline.php(209): Illuminate\\Routing\\Middleware\\SubstituteBindings->handle()
#18 C:\\Users\\SEB\\Desktop\\Cocars\\cocar-backend\\vendor\\laravel\\framework\\src\\Illuminate\\Auth\\Middleware\\Authenticate.php(64): Illuminate\\Pipeline\\Pipeline->Illuminate\\Pipeline\\{closure}()
#19 C:\\Users\\SEB\\Desktop\\Cocars\\cocar-backend\\vendor\\laravel\\framework\\src\\Illuminate\\Pipeline\\Pipeline.php(209): Illuminate\\Auth\\Middleware\\Authenticate->handle()
#20 C:\\Users\\SEB\\Desktop\\Cocars\\cocar-backend\\vendor\\laravel\\sanctum\\src\\Http\\Middleware\\EnsureFrontendRequestsAreStateful.php(26): Illuminate\\Pipeline\\Pipeline->Illuminate\\Pipeline\\{closure}()
#21 C:\\Users\\SEB\\Desktop\\Cocars\\cocar-backend\\vendor\\laravel\\framework\\src\\Illuminate\\Pipeline\\Pipeline.php(170): Laravel\\Sanctum\\Http\\Middleware\\EnsureFrontendRequestsAreStateful->Laravel\\Sanctum\\Http\\Middleware\\{closure}()
#22 C:\\Users\\SEB\\Desktop\\Cocars\\cocar-backend\\vendor\\laravel\\sanctum\\src\\Http\\Middleware\\AuthenticateSession.php(43): Illuminate\\Pipeline\\Pipeline->Illuminate\\Pipeline\\{closure}()
#23 C:\\Users\\SEB\\Desktop\\Cocars\\cocar-backend\\vendor\\laravel\\framework\\src\\Illuminate\\Pipeline\\Pipeline.php(209): Laravel\\Sanctum\\Http\\Middleware\\AuthenticateSession->handle()
#24 C:\\Users\\SEB\\Desktop\\Cocars\\cocar-backend\\vendor\\laravel\\framework\\src\\Illuminate\\Foundation\\Http\\Middleware\\VerifyCsrfToken.php(88): Illuminate\\Pipeline\\Pipeline->Illuminate\\Pipeline\\{closure}()
#25 C:\\Users\\SEB\\Desktop\\Cocars\\cocar-backend\\vendor\\laravel\\framework\\src\\Illuminate\\Pipeline\\Pipeline.php(209): Illuminate\\Foundation\\Http\\Middleware\\VerifyCsrfToken->handle()
#26 C:\\Users\\SEB\\Desktop\\Cocars\\cocar-backend\\vendor\\laravel\\framework\\src\\Illuminate\\Session\\Middleware\\StartSession.php(121): Illuminate\\Pipeline\\Pipeline->Illuminate\\Pipeline\\{closure}()
#27 C:\\Users\\SEB\\Desktop\\Cocars\\cocar-backend\\vendor\\laravel\\framework\\src\\Illuminate\\Session\\Middleware\\StartSession.php(64): Illuminate\\Session\\Middleware\\StartSession->handleStatefulRequest()
#28 C:\\Users\\SEB\\Desktop\\Cocars\\cocar-backend\\vendor\\laravel\\framework\\src\\Illuminate\\Pipeline\\Pipeline.php(209): Illuminate\\Session\\Middleware\\StartSession->handle()
#29 C:\\Users\\SEB\\Desktop\\Cocars\\cocar-backend\\vendor\\laravel\\framework\\src\\Illuminate\\Cookie\\Middleware\\AddQueuedCookiesToResponse.php(37): Illuminate\\Pipeline\\Pipeline->Illuminate\\Pipeline\\{closure}()
#30 C:\\Users\\SEB\\Desktop\\Cocars\\cocar-backend\\vendor\\laravel\\framework\\src\\Illuminate\\Pipeline\\Pipeline.php(209): Illuminate\\Cookie\\Middleware\\AddQueuedCookiesToResponse->handle()
#31 C:\\Users\\SEB\\Desktop\\Cocars\\cocar-backend\\vendor\\laravel\\framework\\src\\Illuminate\\Cookie\\Middleware\\EncryptCookies.php(75): Illuminate\\Pipeline\\Pipeline->Illuminate\\Pipeline\\{closure}()
#32 C:\\Users\\SEB\\Desktop\\Cocars\\cocar-backend\\vendor\\laravel\\framework\\src\\Illuminate\\Pipeline\\Pipeline.php(209): Illuminate\\Cookie\\Middleware\\EncryptCookies->handle()
#33 C:\\Users\\SEB\\Desktop\\Cocars\\cocar-backend\\vendor\\laravel\\sanctum\\src\\Http\\Middleware\\EnsureFrontendRequestsAreStateful.php(61): Illuminate\\Pipeline\\Pipeline->Illuminate\\Pipeline\\{closure}()
#34 C:\\Users\\SEB\\Desktop\\Cocars\\cocar-backend\\vendor\\laravel\\framework\\src\\Illuminate\\Pipeline\\Pipeline.php(191): Laravel\\Sanctum\\Http\\Middleware\\EnsureFrontendRequestsAreStateful->Laravel\\Sanctum\\Http\\Middleware\\{closure}()
#35 C:\\Users\\SEB\\Desktop\\Cocars\\cocar-backend\\vendor\\laravel\\framework\\src\\Illuminate\\Pipeline\\Pipeline.php(127): Illuminate\\Pipeline\\Pipeline->Illuminate\\Pipeline\\{closure}()
#36 C:\\Users\\SEB\\Desktop\\Cocars\\cocar-backend\\vendor\\laravel\\sanctum\\src\\Http\\Middleware\\EnsureFrontendRequestsAreStateful.php(25): Illuminate\\Pipeline\\Pipeline->then()
#37 C:\\Users\\SEB\\Desktop\\Cocars\\cocar-backend\\vendor\\laravel\\framework\\src\\Illuminate\\Pipeline\\Pipeline.php(209): Laravel\\Sanctum\\Http\\Middleware\\EnsureFrontendRequestsAreStateful->handle()
#38 C:\\Users\\SEB\\Desktop\\Cocars\\cocar-backend\\vendor\\laravel\\framework\\src\\Illuminate\\Pipeline\\Pipeline.php(127): Illuminate\\Pipeline\\Pipeline->Illuminate\\Pipeline\\{closure}()
#39 C:\\Users\\SEB\\Desktop\\Cocars\\cocar-backend\\vendor\\laravel\\framework\\src\\Illuminate\\Routing\\Router.php(807): Illuminate\\Pipeline\\Pipeline->then()
#40 C:\\Users\\SEB\\Desktop\\Cocars\\cocar-backend\\vendor\\laravel\\framework\\src\\Illuminate\\Routing\\Router.php(786): Illuminate\\Routing\\Router->runRouteWithinStack()
#41 C:\\Users\\SEB\\Desktop\\Cocars\\cocar-backend\\vendor\\laravel\\framework\\src\\Illuminate\\Routing\\Router.php(750): Illuminate\\Routing\\Router->runRoute()
#42 C:\\Users\\SEB\\Desktop\\Cocars\\cocar-backend\\vendor\\laravel\\framework\\src\\Illuminate\\Routing\\Router.php(739): Illuminate\\Routing\\Router->dispatchToRoute()
#43 C:\\Users\\SEB\\Desktop\\Cocars\\cocar-backend\\vendor\\laravel\\framework\\src\\Illuminate\\Foundation\\Http\\Kernel.php(201): Illuminate\\Routing\\Router->dispatch()
#44 C:\\Users\\SEB\\Desktop\\Cocars\\cocar-backend\\vendor\\laravel\\framework\\src\\Illuminate\\Pipeline\\Pipeline.php(170): Illuminate\\Foundation\\Http\\Kernel->Illuminate\\Foundation\\Http\\{closure}()
#45 C:\\Users\\SEB\\Desktop\\Cocars\\cocar-backend\\vendor\\laravel\\framework\\src\\Illuminate\\Foundation\\Http\\Middleware\\TransformsRequest.php(21): Illuminate\\Pipeline\\Pipeline->Illuminate\\Pipeline\\{closure}()
#46 C:\\Users\\SEB\\Desktop\\Cocars\\cocar-backend\\vendor\\laravel\\framework\\src\\Illuminate\\Foundation\\Http\\Middleware\\ConvertEmptyStringsToNull.php(31): Illuminate\\Foundation\\Http\\Middleware\\TransformsRequest->handle()
#47 C:\\Users\\SEB\\Desktop\\Cocars\\cocar-backend\\vendor\\laravel\\framework\\src\\Illuminate\\Pipeline\\Pipeline.php(209): Illuminate\\Foundation\\Http\\Middleware\\ConvertEmptyStringsToNull->handle()
#48 C:\\Users\\SEB\\Desktop\\Cocars\\cocar-backend\\vendor\\laravel\\framework\\src\\Illuminate\\Foundation\\Http\\Middleware\\TransformsRequest.php(21): Illuminate\\Pipeline\\Pipeline->Illuminate\\Pipeline\\{closure}()
#49 C:\\Users\\SEB\\Desktop\\Cocars\\cocar-backend\\vendor\\laravel\\framework\\src\\Illuminate\\Foundation\\Http\\Middleware\\TrimStrings.php(51): Illuminate\\Foundation\\Http\\Middleware\\TransformsRequest->handle()
#50 C:\\Users\\SEB\\Desktop\\Cocars\\cocar-backend\\vendor\\laravel\\framework\\src\\Illuminate\\Pipeline\\Pipeline.php(209): Illuminate\\Foundation\\Http\\Middleware\\TrimStrings->handle()
#51 C:\\Users\\SEB\\Desktop\\Cocars\\cocar-backend\\vendor\\laravel\\framework\\src\\Illuminate\\Http\\Middleware\\ValidatePostSize.php(27): Illuminate\\Pipeline\\Pipeline->Illuminate\\Pipeline\\{closure}()
#52 C:\\Users\\SEB\\Desktop\\Cocars\\cocar-backend\\vendor\\laravel\\framework\\src\\Illuminate\\Pipeline\\Pipeline.php(209): Illuminate\\Http\\Middleware\\ValidatePostSize->handle()
#53 C:\\Users\\SEB\\Desktop\\Cocars\\cocar-backend\\vendor\\laravel\\framework\\src\\Illuminate\\Foundation\\Http\\Middleware\\PreventRequestsDuringMaintenance.php(110): Illuminate\\Pipeline\\Pipeline->Illuminate\\Pipeline\\{closure}()
#54 C:\\Users\\SEB\\Desktop\\Cocars\\cocar-backend\\vendor\\laravel\\framework\\src\\Illuminate\\Pipeline\\Pipeline.php(209): Illuminate\\Foundation\\Http\\Middleware\\PreventRequestsDuringMaintenance->handle()
#55 C:\\Users\\SEB\\Desktop\\Cocars\\cocar-backend\\vendor\\laravel\\framework\\src\\Illuminate\\Http\\Middleware\\HandleCors.php(62): Illuminate\\Pipeline\\Pipeline->Illuminate\\Pipeline\\{closure}()
#56 C:\\Users\\SEB\\Desktop\\Cocars\\cocar-backend\\vendor\\laravel\\framework\\src\\Illuminate\\Pipeline\\Pipeline.php(209): Illuminate\\Http\\Middleware\\HandleCors->handle()
#57 C:\\Users\\SEB\\Desktop\\Cocars\\cocar-backend\\vendor\\laravel\\framework\\src\\Illuminate\\Http\\Middleware\\TrustProxies.php(58): Illuminate\\Pipeline\\Pipeline->Illuminate\\Pipeline\\{closure}()
#58 C:\\Users\\SEB\\Desktop\\Cocars\\cocar-backend\\vendor\\laravel\\framework\\src\\Illuminate\\Pipeline\\Pipeline.php(209): Illuminate\\Http\\Middleware\\TrustProxies->handle()
#59 C:\\Users\\SEB\\Desktop\\Cocars\\cocar-backend\\vendor\\laravel\\framework\\src\\Illuminate\\Foundation\\Http\\Middleware\\InvokeDeferredCallbacks.php(22): Illuminate\\Pipeline\\Pipeline->Illuminate\\Pipeline\\{closure}()
#60 C:\\Users\\SEB\\Desktop\\Cocars\\cocar-backend\\vendor\\laravel\\framework\\src\\Illuminate\\Pipeline\\Pipeline.php(209): Illuminate\\Foundation\\Http\\Middleware\\InvokeDeferredCallbacks->handle()
#61 C:\\Users\\SEB\\Desktop\\Cocars\\cocar-backend\\vendor\\laravel\\framework\\src\\Illuminate\\Pipeline\\Pipeline.php(127): Illuminate\\Pipeline\\Pipeline->Illuminate\\Pipeline\\{closure}()
#62 C:\\Users\\SEB\\Desktop\\Cocars\\cocar-backend\\vendor\\laravel\\framework\\src\\Illuminate\\Foundation\\Http\\Kernel.php(176): Illuminate\\Pipeline\\Pipeline->then()
#63 C:\\Users\\SEB\\Desktop\\Cocars\\cocar-backend\\vendor\\laravel\\framework\\src\\Illuminate\\Foundation\\Http\\Kernel.php(145): Illuminate\\Foundation\\Http\\Kernel->sendRequestThroughRouter()
#64 C:\\Users\\SEB\\Desktop\\Cocars\\cocar-backend\\vendor\\laravel\\framework\\src\\Illuminate\\Foundation\\Application.php(1220): Illuminate\\Foundation\\Http\\Kernel->handle()
#65 C:\\Users\\SEB\\Desktop\\Cocars\\cocar-backend\\public\\index.php(17): Illuminate\\Foundation\\Application->handleRequest()
#66 C:\\Users\\SEB\\Desktop\\Cocars\\cocar-backend\\vendor\\laravel\\framework\\src\\Illuminate\\Foundation\\resources\\server.php(23): require_once('...')
#67 {main}","data":{"departure_city":"Yaoundé","departure_address":"uytre","arrival_city":"Douala","arrival_address":"oiuytre","departure_date":"2026-01-16","departure_time":"11:00","estimated_arrival_time":null,"available_seats":4,"price_per_seat":9000,"description":null,"luggage_allowed":true,"pets_allowed":false,"smoking_allowed":false,"music_allowed":true,"air_conditioning":true}} 
[2026-01-15 10:16:59] local.ERROR: Erreur création trajet: preg_match(): No ending delimiter '/' found {"trace":"#0 C:\\Users\\SEB\\Desktop\\Cocars\\cocar-backend\\vendor\\laravel\\framework\\src\\Illuminate\\Foundation\\Bootstrap\\HandleExceptions.php(258): Illuminate\\Foundation\\Bootstrap\\HandleExceptions->handleError()
#1 [internal function]: Illuminate\\Foundation\\Bootstrap\\HandleExceptions->Illuminate\\Foundation\\Bootstrap\\{closure}()
#2 C:\\Users\\SEB\\Desktop\\Cocars\\cocar-backend\\vendor\\laravel\\framework\\src\\Illuminate\\Validation\\Concerns\\ValidatesAttributes.php(1997): preg_match()
#3 C:\\Users\\SEB\\Desktop\\Cocars\\cocar-backend\\vendor\\laravel\\framework\\src\\Illuminate\\Validation\\Validator.php(686): Illuminate\\Validation\\Validator->validateRegex()
#4 C:\\Users\\SEB\\Desktop\\Cocars\\cocar-backend\\vendor\\laravel\\framework\\src\\Illuminate\\Validation\\Validator.php(481): Illuminate\\Validation\\Validator->validateAttribute()
#5 C:\\Users\\SEB\\Desktop\\Cocars\\cocar-backend\\vendor\\laravel\\framework\\src\\Illuminate\\Validation\\Validator.php(516): Illuminate\\Validation\\Validator->passes()
#6 C:\\Users\\SEB\\Desktop\\Cocars\\cocar-backend\\vendor\\laravel\\framework\\src\\Illuminate\\Validation\\Validator.php(558): Illuminate\\Validation\\Validator->fails()
#7 C:\\Users\\SEB\\Desktop\\Cocars\\cocar-backend\\vendor\\laravel\\framework\\src\\Illuminate\\Foundation\\Providers\\FoundationServiceProvider.php(155): Illuminate\\Validation\\Validator->validate()
#8 C:\\Users\\SEB\\Desktop\\Cocars\\cocar-backend\\vendor\\laravel\\framework\\src\\Illuminate\\Macroable\\Traits\\Macroable.php(126): Illuminate\\Http\\Request->Illuminate\\Foundation\\Providers\\{closure}()
#9 C:\\Users\\SEB\\Desktop\\Cocars\\cocar-backend\\app\\Http\\Controllers\\Api\\TripController.php(107): Illuminate\\Http\\Request->__call()
#10 C:\\Users\\SEB\\Desktop\\Cocars\\cocar-backend\\vendor\\laravel\\framework\\src\\Illuminate\\Routing\\Controller.php(54): App\\Http\\Controllers\\Api\\TripController->store()
#11 C:\\Users\\SEB\\Desktop\\Cocars\\cocar-backend\\vendor\\laravel\\framework\\src\\Illuminate\\Routing\\ControllerDispatcher.php(44): Illuminate\\Routing\\Controller->callAction()
#12 C:\\Users\\SEB\\Desktop\\Cocars\\cocar-backend\\vendor\\laravel\\framework\\src\\Illuminate\\Routing\\Route.php(266): Illuminate\\Routing\\ControllerDispatcher->dispatch()
#13 C:\\Users\\SEB\\Desktop\\Cocars\\cocar-backend\\vendor\\laravel\\framework\\src\\Illuminate\\Routing\\Route.php(212): Illuminate\\Routing\\Route->runController()
#14 C:\\Users\\SEB\\Desktop\\Cocars\\cocar-backend\\vendor\\laravel\\framework\\src\\Illuminate\\Routing\\Router.php(808): Illuminate\\Routing\\Route->run()
#15 C:\\Users\\SEB\\Desktop\\Cocars\\cocar-backend\\vendor\\laravel\\framework\\src\\Illuminate\\Pipeline\\Pipeline.php(170): Illuminate\\Routing\\Router->Illuminate\\Routing\\{closure}()
#16 C:\\Users\\SEB\\Desktop\\Cocars\\cocar-backend\\vendor\\laravel\\framework\\src\\Illuminate\\Routing\\Middleware\\SubstituteBindings.php(51): Illuminate\\Pipeline\\Pipeline->Illuminate\\Pipeline\\{closure}()
#17 C:\\Users\\SEB\\Desktop\\Cocars\\cocar-backend\\vendor\\laravel\\framework\\src\\Illuminate\\Pipeline\\Pipeline.php(209): Illuminate\\Routing\\Middleware\\SubstituteBindings->handle()
#18 C:\\Users\\SEB\\Desktop\\Cocars\\cocar-backend\\vendor\\laravel\\framework\\src\\Illuminate\\Auth\\Middleware\\Authenticate.php(64): Illuminate\\Pipeline\\Pipeline->Illuminate\\Pipeline\\{closure}()
#19 C:\\Users\\SEB\\Desktop\\Cocars\\cocar-backend\\vendor\\laravel\\framework\\src\\Illuminate\\Pipeline\\Pipeline.php(209): Illuminate\\Auth\\Middleware\\Authenticate->handle()
#20 C:\\Users\\SEB\\Desktop\\Cocars\\cocar-backend\\vendor\\laravel\\sanctum\\src\\Http\\Middleware\\EnsureFrontendRequestsAreStateful.php(26): Illuminate\\Pipeline\\Pipeline->Illuminate\\Pipeline\\{closure}()
#21 C:\\Users\\SEB\\Desktop\\Cocars\\cocar-backend\\vendor\\laravel\\framework\\src\\Illuminate\\Pipeline\\Pipeline.php(170): Laravel\\Sanctum\\Http\\Middleware\\EnsureFrontendRequestsAreStateful->Laravel\\Sanctum\\Http\\Middleware\\{closure}()
#22 C:\\Users\\SEB\\Desktop\\Cocars\\cocar-backend\\vendor\\laravel\\sanctum\\src\\Http\\Middleware\\AuthenticateSession.php(43): Illuminate\\Pipeline\\Pipeline->Illuminate\\Pipeline\\{closure}()
#23 C:\\Users\\SEB\\Desktop\\Cocars\\cocar-backend\\vendor\\laravel\\framework\\src\\Illuminate\\Pipeline\\Pipeline.php(209): Laravel\\Sanctum\\Http\\Middleware\\AuthenticateSession->handle()
#24 C:\\Users\\SEB\\Desktop\\Cocars\\cocar-backend\\vendor\\laravel\\framework\\src\\Illuminate\\Foundation\\Http\\Middleware\\VerifyCsrfToken.php(88): Illuminate\\Pipeline\\Pipeline->Illuminate\\Pipeline\\{closure}()
#25 C:\\Users\\SEB\\Desktop\\Cocars\\cocar-backend\\vendor\\laravel\\framework\\src\\Illuminate\\Pipeline\\Pipeline.php(209): Illuminate\\Foundation\\Http\\Middleware\\VerifyCsrfToken->handle()
#26 C:\\Users\\SEB\\Desktop\\Cocars\\cocar-backend\\vendor\\laravel\\framework\\src\\Illuminate\\Session\\Middleware\\StartSession.php(121): Illuminate\\Pipeline\\Pipeline->Illuminate\\Pipeline\\{closure}()
#27 C:\\Users\\SEB\\Desktop\\Cocars\\cocar-backend\\vendor\\laravel\\framework\\src\\Illuminate\\Session\\Middleware\\StartSession.php(64): Illuminate\\Session\\Middleware\\StartSession->handleStatefulRequest()
#28 C:\\Users\\SEB\\Desktop\\Cocars\\cocar-backend\\vendor\\laravel\\framework\\src\\Illuminate\\Pipeline\\Pipeline.php(209): Illuminate\\Session\\Middleware\\StartSession->handle()
#29 C:\\Users\\SEB\\Desktop\\Cocars\\cocar-backend\\vendor\\laravel\\framework\\src\\Illuminate\\Cookie\\Middleware\\AddQueuedCookiesToResponse.php(37): Illuminate\\Pipeline\\Pipeline->Illuminate\\Pipeline\\{closure}()
#30 C:\\Users\\SEB\\Desktop\\Cocars\\cocar-backend\\vendor\\laravel\\framework\\src\\Illuminate\\Pipeline\\Pipeline.php(209): Illuminate\\Cookie\\Middleware\\AddQueuedCookiesToResponse->handle()
#31 C:\\Users\\SEB\\Desktop\\Cocars\\cocar-backend\\vendor\\laravel\\framework\\src\\Illuminate\\Cookie\\Middleware\\EncryptCookies.php(75): Illuminate\\Pipeline\\Pipeline->Illuminate\\Pipeline\\{closure}()
#32 C:\\Users\\SEB\\Desktop\\Cocars\\cocar-backend\\vendor\\laravel\\framework\\src\\Illuminate\\Pipeline\\Pipeline.php(209): Illuminate\\Cookie\\Middleware\\EncryptCookies->handle()
#33 C:\\Users\\SEB\\Desktop\\Cocars\\cocar-backend\\vendor\\laravel\\sanctum\\src\\Http\\Middleware\\EnsureFrontendRequestsAreStateful.php(61): Illuminate\\Pipeline\\Pipeline->Illuminate\\Pipeline\\{closure}()
#34 C:\\Users\\SEB\\Desktop\\Cocars\\cocar-backend\\vendor\\laravel\\framework\\src\\Illuminate\\Pipeline\\Pipeline.php(191): Laravel\\Sanctum\\Http\\Middleware\\EnsureFrontendRequestsAreStateful->Laravel\\Sanctum\\Http\\Middleware\\{closure}()
#35 C:\\Users\\SEB\\Desktop\\Cocars\\cocar-backend\\vendor\\laravel\\framework\\src\\Illuminate\\Pipeline\\Pipeline.php(127): Illuminate\\Pipeline\\Pipeline->Illuminate\\Pipeline\\{closure}()
#36 C:\\Users\\SEB\\Desktop\\Cocars\\cocar-backend\\vendor\\laravel\\sanctum\\src\\Http\\Middleware\\EnsureFrontendRequestsAreStateful.php(25): Illuminate\\Pipeline\\Pipeline->then()
#37 C:\\Users\\SEB\\Desktop\\Cocars\\cocar-backend\\vendor\\laravel\\framework\\src\\Illuminate\\Pipeline\\Pipeline.php(209): Laravel\\Sanctum\\Http\\Middleware\\EnsureFrontendRequestsAreStateful->handle()
#38 C:\\Users\\SEB\\Desktop\\Cocars\\cocar-backend\\vendor\\laravel\\framework\\src\\Illuminate\\Pipeline\\Pipeline.php(127): Illuminate\\Pipeline\\Pipeline->Illuminate\\Pipeline\\{closure}()
#39 C:\\Users\\SEB\\Desktop\\Cocars\\cocar-backend\\vendor\\laravel\\framework\\src\\Illuminate\\Routing\\Router.php(807): Illuminate\\Pipeline\\Pipeline->then()
#40 C:\\Users\\SEB\\Desktop\\Cocars\\cocar-backend\\vendor\\laravel\\framework\\src\\Illuminate\\Routing\\Router.php(786): Illuminate\\Routing\\Router->runRouteWithinStack()
#41 C:\\Users\\SEB\\Desktop\\Cocars\\cocar-backend\\vendor\\laravel\\framework\\src\\Illuminate\\Routing\\Router.php(750): Illuminate\\Routing\\Router->runRoute()
#42 C:\\Users\\SEB\\Desktop\\Cocars\\cocar-backend\\vendor\\laravel\\framework\\src\\Illuminate\\Routing\\Router.php(739): Illuminate\\Routing\\Router->dispatchToRoute()
#43 C:\\Users\\SEB\\Desktop\\Cocars\\cocar-backend\\vendor\\laravel\\framework\\src\\Illuminate\\Foundation\\Http\\Kernel.php(201): Illuminate\\Routing\\Router->dispatch()
#44 C:\\Users\\SEB\\Desktop\\Cocars\\cocar-backend\\vendor\\laravel\\framework\\src\\Illuminate\\Pipeline\\Pipeline.php(170): Illuminate\\Foundation\\Http\\Kernel->Illuminate\\Foundation\\Http\\{closure}()
#45 C:\\Users\\SEB\\Desktop\\Cocars\\cocar-backend\\vendor\\laravel\\framework\\src\\Illuminate\\Foundation\\Http\\Middleware\\TransformsRequest.php(21): Illuminate\\Pipeline\\Pipeline->Illuminate\\Pipeline\\{closure}()
#46 C:\\Users\\SEB\\Desktop\\Cocars\\cocar-backend\\vendor\\laravel\\framework\\src\\Illuminate\\Foundation\\Http\\Middleware\\ConvertEmptyStringsToNull.php(31): Illuminate\\Foundation\\Http\\Middleware\\TransformsRequest->handle()
#47 C:\\Users\\SEB\\Desktop\\Cocars\\cocar-backend\\vendor\\laravel\\framework\\src\\Illuminate\\Pipeline\\Pipeline.php(209): Illuminate\\Foundation\\Http\\Middleware\\ConvertEmptyStringsToNull->handle()
#48 C:\\Users\\SEB\\Desktop\\Cocars\\cocar-backend\\vendor\\laravel\\framework\\src\\Illuminate\\Foundation\\Http\\Middleware\\TransformsRequest.php(21): Illuminate\\Pipeline\\Pipeline->Illuminate\\Pipeline\\{closure}()
#49 C:\\Users\\SEB\\Desktop\\Cocars\\cocar-backend\\vendor\\laravel\\framework\\src\\Illuminate\\Foundation\\Http\\Middleware\\TrimStrings.php(51): Illuminate\\Foundation\\Http\\Middleware\\TransformsRequest->handle()
#50 C:\\Users\\SEB\\Desktop\\Cocars\\cocar-backend\\vendor\\laravel\\framework\\src\\Illuminate\\Pipeline\\Pipeline.php(209): Illuminate\\Foundation\\Http\\Middleware\\TrimStrings->handle()
#51 C:\\Users\\SEB\\Desktop\\Cocars\\cocar-backend\\vendor\\laravel\\framework\\src\\Illuminate\\Http\\Middleware\\ValidatePostSize.php(27): Illuminate\\Pipeline\\Pipeline->Illuminate\\Pipeline\\{closure}()
#52 C:\\Users\\SEB\\Desktop\\Cocars\\cocar-backend\\vendor\\laravel\\framework\\src\\Illuminate\\Pipeline\\Pipeline.php(209): Illuminate\\Http\\Middleware\\ValidatePostSize->handle()
#53 C:\\Users\\SEB\\Desktop\\Cocars\\cocar-backend\\vendor\\laravel\\framework\\src\\Illuminate\\Foundation\\Http\\Middleware\\PreventRequestsDuringMaintenance.php(110): Illuminate\\Pipeline\\Pipeline->Illuminate\\Pipeline\\{closure}()
#54 C:\\Users\\SEB\\Desktop\\Cocars\\cocar-backend\\vendor\\laravel\\framework\\src\\Illuminate\\Pipeline\\Pipeline.php(209): Illuminate\\Foundation\\Http\\Middleware\\PreventRequestsDuringMaintenance->handle()
#55 C:\\Users\\SEB\\Desktop\\Cocars\\cocar-backend\\vendor\\laravel\\framework\\src\\Illuminate\\Http\\Middleware\\HandleCors.php(62): Illuminate\\Pipeline\\Pipeline->Illuminate\\Pipeline\\{closure}()
#56 C:\\Users\\SEB\\Desktop\\Cocars\\cocar-backend\\vendor\\laravel\\framework\\src\\Illuminate\\Pipeline\\Pipeline.php(209): Illuminate\\Http\\Middleware\\HandleCors->handle()
#57 C:\\Users\\SEB\\Desktop\\Cocars\\cocar-backend\\vendor\\laravel\\framework\\src\\Illuminate\\Http\\Middleware\\TrustProxies.php(58): Illuminate\\Pipeline\\Pipeline->Illuminate\\Pipeline\\{closure}()
#58 C:\\Users\\SEB\\Desktop\\Cocars\\cocar-backend\\vendor\\laravel\\framework\\src\\Illuminate\\Pipeline\\Pipeline.php(209): Illuminate\\Http\\Middleware\\TrustProxies->handle()
#59 C:\\Users\\SEB\\Desktop\\Cocars\\cocar-backend\\vendor\\laravel\\framework\\src\\Illuminate\\Foundation\\Http\\Middleware\\InvokeDeferredCallbacks.php(22): Illuminate\\Pipeline\\Pipeline->Illuminate\\Pipeline\\{closure}()
#60 C:\\Users\\SEB\\Desktop\\Cocars\\cocar-backend\\vendor\\laravel\\framework\\src\\Illuminate\\Pipeline\\Pipeline.php(209): Illuminate\\Foundation\\Http\\Middleware\\InvokeDeferredCallbacks->handle()
#61 C:\\Users\\SEB\\Desktop\\Cocars\\cocar-backend\\vendor\\laravel\\framework\\src\\Illuminate\\Pipeline\\Pipeline.php(127): Illuminate\\Pipeline\\Pipeline->Illuminate\\Pipeline\\{closure}()
#62 C:\\Users\\SEB\\Desktop\\Cocars\\cocar-backend\\vendor\\laravel\\framework\\src\\Illuminate\\Foundation\\Http\\Kernel.php(176): Illuminate\\Pipeline\\Pipeline->then()
#63 C:\\Users\\SEB\\Desktop\\Cocars\\cocar-backend\\vendor\\laravel\\framework\\src\\Illuminate\\Foundation\\Http\\Kernel.php(145): Illuminate\\Foundation\\Http\\Kernel->sendRequestThroughRouter()
#64 C:\\Users\\SEB\\Desktop\\Cocars\\cocar-backend\\vendor\\laravel\\framework\\src\\Illuminate\\Foundation\\Application.php(1220): Illuminate\\Foundation\\Http\\Kernel->handle()
#65 C:\\Users\\SEB\\Desktop\\Cocars\\cocar-backend\\public\\index.php(17): Illuminate\\Foundation\\Application->handleRequest()
#66 C:\\Users\\SEB\\Desktop\\Cocars\\cocar-backend\\vendor\\laravel\\framework\\src\\Illuminate\\Foundation\\resources\\server.php(23): require_once('...')
#67 {main}","data":{"departure_city":"Yaoundé","departure_address":"uytre","arrival_city":"Douala","arrival_address":"oiuytre","departure_date":"2026-01-16","departure_time":"11:00","estimated_arrival_time":null,"available_seats":4,"price_per_seat":9000,"description":null,"luggage_allowed":true,"pets_allowed":false,"smoking_allowed":false,"music_allowed":true,"air_conditioning":true}} 
[2026-01-15 10:21:54] local.ERROR: Failed to extract the request port. Ensure the log line contains a valid port: 2 Closing {"exception":"[object] (InvalidArgumentException(code: 0): Failed to extract the request port. Ensure the log line contains a valid port: 2 Closing at C:/Users/SEB/Desktop/Cocars/cocar-backend/vendor/laravel/framework/src/Illuminate/Foundation/Console/ServeCommand.php:408)
[stacktrace]
#0 C:/Users/SEB/Desktop/Cocars/cocar-backend/vendor/laravel/framework/src/Illuminate/Foundation/Console/ServeCommand.php(336): Illuminate/Foundation/Console/ServeCommand::getRequestPortFromLine()
#1 C:/Users/SEB/Desktop/Cocars/cocar-backend/vendor/laravel/framework/src/Illuminate/Collections/Traits/EnumeratesValues.php(261): Illuminate/Foundation/Console/ServeCommand->Illuminate/Foundation/Console/{closure}()
#2 C:/Users/SEB/Desktop/Cocars/cocar-backend/vendor/laravel/framework/src/Illuminate/Foundation/Console/ServeCommand.php(305): Illuminate/Support/Collection->each()
#3 C:/Users/SEB/Desktop/Cocars/cocar-backend/vendor/laravel/framework/src/Illuminate/Foundation/Console/ServeCommand.php(287): Illuminate/Foundation/Console/ServeCommand->flushOutputBuffer()
#4 C:/Users/SEB/Desktop/Cocars/cocar-backend/vendor/symfony/process/Process.php(1320): Illuminate/Foundation/Console/ServeCommand->Illuminate/Foundation/Console/{closure}()
#5 C:/Users/SEB/Desktop/Cocars/cocar-backend/vendor/symfony/process/Process.php(1420): Symfony/Component/Process/Process->Symfony/Component/Process/{closure}()
#6 C:/Users/SEB/Desktop/Cocars/cocar-backend/vendor/symfony/process/Process.php(1340): Symfony/Component/Process/Process->readPipes()
#7 C:/Users/SEB/Desktop/Cocars/cocar-backend/vendor/symfony/process/Process.php(875): Symfony/Component/Process/Process->updateStatus()
#8 C:/Users/SEB/Desktop/Cocars/cocar-backend/vendor/laravel/framework/src/Illuminate/Foundation/Console/ServeCommand.php(131): Symfony/Component/Process/Process->isRunning()
#9 C:/Users/SEB/Desktop/Cocars/cocar-backend/vendor/laravel/framework/src/Illuminate/Container/BoundMethod.php(36): Illuminate/Foundation/Console/ServeCommand->handle()
#10 C:/Users/SEB/Desktop/Cocars/cocar-backend/vendor/laravel/framework/src/Illuminate/Container/Util.php(43): Illuminate/Container/BoundMethod::Illuminate/Container/{closure}()
#11 C:/Users/SEB/Desktop/Cocars/cocar-backend/vendor/laravel/framework/src/Illuminate/Container/BoundMethod.php(95): Illuminate/Container/Util::unwrapIfClosure()
#12 C:/Users/SEB/Desktop/Cocars/cocar-backend/vendor/laravel/framework/src/Illuminate/Container/BoundMethod.php(35): Illuminate/Container/BoundMethod::callBoundMethod()
#13 C:/Users/SEB/Desktop/Cocars/cocar-backend/vendor/laravel/framework/src/Illuminate/Container/Container.php(696): Illuminate/Container/BoundMethod::call()
#14 C:/Users/SEB/Desktop/Cocars/cocar-backend/vendor/laravel/framework/src/Illuminate/Console/Command.php(213): Illuminate/Container/Container->call()
#15 C:/Users/SEB/Desktop/Cocars/cocar-backend/vendor/symfony/console/Command/Command.php(341): Illuminate/Console/Command->execute()
#16 C:/Users/SEB/Desktop/Cocars/cocar-backend/vendor/laravel/framework/src/Illuminate/Console/Command.php(182): Symfony/Component/Console/Command/Command->run()
#17 C:/Users/SEB/Desktop/Cocars/cocar-backend/vendor/symfony/console/Application.php(1102): Illuminate/Console/Command->run()
#18 C:/Users/SEB/Desktop/Cocars/cocar-backend/vendor/symfony/console/Application.php(356): Symfony/Component/Console/Application->doRunCommand()
#19 C:/Users/SEB/Desktop/Cocars/cocar-backend/vendor/symfony/console/Application.php(195): Symfony/Component/Console/Application->doRun()
#20 C:/Users/SEB/Desktop/Cocars/cocar-backend/vendor/laravel/framework/src/Illuminate/Foundation/Console/Kernel.php(198): Symfony/Component/Console/Application->run()
#21 C:/Users/SEB/Desktop/Cocars/cocar-backend/artisan(12): Illuminate/Foundation/Console/Kernel->handle()
#22 {main}
"} 
